<?xml version="1.0" encoding="UTF-8"?>
<!-- Generated by org.testng.reporters.JUnitReportReporter -->
<testsuite skipped="0" hostname="GS-4885" name="com.qa.test.homeTest" tests="1" failures="0" timestamp="18 Apr 2020 09:30:03 GMT" time="27.895" errors="0">
  <testcase name="verifydashbord" time="27.895" classname="com.qa.test.homeTest"/>
</testsuite> <!-- com.qa.test.homeTest -->
