<?xml version="1.0" encoding="UTF-8"?>
<!-- Generated by org.testng.reporters.JUnitReportReporter -->
<testsuite skipped="0" hostname="GS-4885" name="com.qa.testcases.homeTest" tests="2" failures="0" timestamp="18 Apr 2020 11:25:25 GMT" time="44.313" errors="0">
  <testcase name="verifydashbord1" time="19.019" classname="com.qa.testcases.homeTest"/>
  <testcase name="verifydashbord" time="25.294" classname="com.qa.testcases.homeTest"/>
</testsuite> <!-- com.qa.testcases.homeTest -->
