<?xml version="1.0" encoding="UTF-8"?>
<!-- Generated by org.testng.reporters.JUnitReportReporter -->
<testsuite skipped="0" hostname="GS-4885" name="com.qa.test.loginTest" tests="1" failures="0" timestamp="18 Apr 2020 09:33:59 GMT" time="22.978" errors="0">
  <testcase name="verifyLogin" time="22.978" classname="com.qa.test.loginTest"/>
</testsuite> <!-- com.qa.test.loginTest -->
