<?xml version="1.0" encoding="UTF-8"?>
<!-- Generated by org.testng.reporters.JUnitReportReporter -->
<testsuite skipped="0" hostname="GS-4885" name="com.qa.testcases.loginTest" tests="2" failures="0" timestamp="18 Apr 2020 11:49:46 GMT" time="125.778" errors="0">
  <testcase name="verifyLogin" time="97.973" classname="com.qa.testcases.loginTest"/>
  <testcase name="verifyLogin1" time="27.805" classname="com.qa.testcases.loginTest"/>
</testsuite> <!-- com.qa.testcases.loginTest -->
